2021-05-04 09:59:47,352 — INFO — Server started at  Listening port 8080
2021-05-04 10:01:35,268 — INFO — Reply response for 87017440257
2021-05-04 10:01:35,269 — INFO — 87017440257 kolesa links 
2021-05-04 10:01:36,170 — INFO — returned 0 links
2021-05-04 10:01:45,110 — INFO — Reply response for +77017440257
2021-05-04 10:01:45,110 — INFO — +77017440257 kolesa links 
2021-05-04 10:01:45,996 — INFO — returned 1 links
2021-05-04 10:15:38,960 — INFO — Server started at  Listening port 8080
2021-05-04 10:16:38,419 — INFO — Server started at  Listening port 8080
2021-05-04 10:17:23,043 — INFO — Server started at  Listening port 8080
2021-05-04 10:17:50,454 — INFO — Reply response for +77017440257
2021-05-04 10:17:50,454 — INFO — +77017440257 kolesa links 
2021-05-04 10:17:51,682 — INFO — returned 1 links
2021-05-04 10:17:57,568 — INFO — Reply response for +77017440257
2021-05-04 10:18:05,368 — INFO — +77017440257 kolesa links 
2021-05-04 10:19:43,983 — INFO — returned 1 links
2021-05-04 10:46:48,894 — INFO — Server started at  Listening port 8080
2021-05-04 10:54:57,536 — INFO — Server started at  Listening port 8080
2021-05-04 10:55:07,407 — INFO — Reply response for vk.com
2021-05-04 10:55:53,313 — INFO — Server started at  Listening port 8080
2021-05-04 10:56:24,692 — INFO — Reply response for vk.com
2021-05-04 10:57:03,492 — INFO — Reply response for vk.com
2021-05-04 10:57:54,264 — INFO — Server started at  Listening port 8080
2021-05-04 10:57:56,118 — INFO — Reply response for vk.com
2021-05-04 10:58:10,443 — INFO — Reply response for vk.com
2021-05-04 10:58:35,164 — INFO — Server started at  Listening port 8080
2021-05-04 10:58:37,744 — INFO — Reply response for vk.com
2021-05-04 10:59:53,533 — INFO — Server started at  Listening port 8080
2021-05-04 10:59:55,598 — INFO — Reply response for vk.com
2021-05-04 11:00:36,169 — INFO — Server started at  Listening port 8080
2021-05-04 11:00:43,909 — INFO — Reply response for vk.com
2021-05-04 11:01:41,836 — INFO — Server started at  Listening port 8080
2021-05-04 11:01:41,935 — INFO — Reply response for vk.com
2021-05-04 11:02:27,945 — INFO — Reply response for +77027640457
2021-05-04 11:02:27,945 — INFO — +77027640457 market links 
2021-05-04 11:02:29,187 — INFO — returned 0 links
2021-05-04 11:02:50,989 — INFO — Reply response for +77017440257
2021-05-04 11:02:55,763 — INFO — +77017440257 kolesa links 
2021-05-04 11:03:32,117 — INFO — Reply response for vk.com
2021-05-04 11:03:46,980 — INFO — Reply response for Hello
2021-05-04 11:03:46,981 — INFO — Hello market links 
2021-05-04 11:05:43,425 — INFO — Server started at  Listening port 8080
2021-05-04 11:05:56,942 — INFO — Reply response for vk.com
2021-05-04 11:06:08,551 — INFO — Reply response for +77017440257
2021-05-04 11:06:29,716 — INFO — Reply response for vk.com
2021-05-04 11:06:37,701 — INFO — Reply response for vk.com
2021-05-04 11:07:45,578 — INFO — Server started at  Listening port 8080
2021-05-04 11:07:47,534 — INFO — Reply response for vk.com
2021-05-04 11:08:11,732 — INFO — Reply response for vk.com
2021-05-04 11:08:31,731 — INFO — Server started at  Listening port 8080
2021-05-04 11:08:32,735 — INFO — Reply response for vk.com
2021-05-04 11:17:25,008 — INFO — Server started at  Listening port 8080
2021-05-04 11:17:26,626 — INFO — Reply response for vk.com
2021-05-04 11:19:34,584 — INFO — Server started at  Listening port 8080
2021-05-04 11:19:38,591 — INFO — Reply response for vk.com
2021-05-04 11:19:45,187 — INFO — Server started at  Listening port 8080
2021-05-04 11:19:45,518 — INFO — Reply response for vk.com
2021-05-04 11:22:47,424 — INFO — Server started at  Listening port 8080
2021-05-04 11:22:51,306 — INFO — Reply response for vk.com
2021-05-04 11:25:19,204 — INFO — Server started at  Listening port 8080
2021-05-04 11:25:31,745 — INFO — Reply response for vk.com
2021-05-04 11:26:01,028 — INFO — Server started at  Listening port 8080
2021-05-04 11:26:03,703 — INFO — Reply response for vk.com
2021-05-04 11:29:41,910 — INFO — Server started at  Listening port 8080
2021-05-04 11:29:43,669 — INFO — Reply response for vk.com
2021-05-04 11:31:31,261 — INFO — Server started at  Listening port 8080
2021-05-04 11:31:31,296 — INFO — Reply response for vk.com
2021-05-04 11:33:20,428 — INFO — Server started at  Listening port 8080
2021-05-04 11:33:22,440 — INFO — Reply response for vk.com
2021-05-04 11:35:24,350 — INFO — Server started at  Listening port 8080
2021-05-04 11:35:27,561 — INFO — Reply response for vk.com
2021-05-04 11:35:52,709 — INFO — Server started at  Listening port 8080
2021-05-04 11:36:01,707 — INFO — Server started at  Listening port 8080
2021-05-04 11:36:02,985 — INFO — Reply response for vk.com
2021-05-04 11:38:29,075 — INFO — Server started at  Listening port 8080
2021-05-04 11:38:31,313 — INFO — Reply response for vk.com
2021-05-04 11:39:26,722 — INFO — Server started at  Listening port 8080
2021-05-04 11:39:27,908 — INFO — Reply response for vk.com
2021-05-04 11:40:00,136 — INFO — Server started at  Listening port 8080
2021-05-04 11:40:06,322 — INFO — Server started at  Listening port 8080
2021-05-04 11:40:06,747 — INFO — Reply response for vk.com
2021-05-04 11:40:56,391 — INFO — Server started at  Listening port 8080
2021-05-04 11:40:57,465 — INFO — Reply response for vk.com
2021-05-04 11:41:14,375 — INFO — Server started at  Listening port 8080
2021-05-04 11:41:16,225 — INFO — Reply response for vk.com
2021-05-04 11:44:32,994 — INFO — Server started at  Listening port 8080
2021-05-04 11:44:33,452 — INFO — Reply response for vk.com
2021-05-04 11:45:20,500 — INFO — Server started at  Listening port 8080
2021-05-04 11:45:22,202 — INFO — Reply response for vk.com
2021-05-04 11:50:31,193 — INFO — Server started at  Listening port 8080
2021-05-04 11:50:33,667 — INFO — Reply response for vk.com
2021-05-04 11:51:37,649 — INFO — Server started at  Listening port 8080
2021-05-04 11:51:40,971 — INFO — Reply response for vk.com
2021-05-04 11:52:54,018 — INFO — Server started at  Listening port 8080
2021-05-04 11:52:56,116 — INFO — Reply response for vk.com
2021-05-04 11:55:20,660 — INFO — Server started at  Listening port 8080
2021-05-04 11:55:22,123 — INFO — Reply response for vk.com
2021-05-04 11:59:05,930 — INFO — Server started at  Listening port 8080
2021-05-04 11:59:17,962 — INFO — Reply response for vk.com
2021-05-04 14:18:04,641 — INFO — Server started at  Listening port 8080
2021-05-04 14:40:53,711 — INFO — Server started at  Listening port 8080
2021-05-04 14:41:27,020 — INFO — Reply response for 
2021-05-04 14:42:10,844 — INFO — Reply response for 
2021-05-04 14:42:27,207 — INFO — Reply response for 
2021-05-04 14:43:13,193 — INFO — Reply response for vk.com
2021-05-04 14:43:29,192 — INFO — Reply response for vk.com
2021-05-04 14:45:14,906 — INFO — Reply response for instagram.com
2021-05-04 14:45:41,906 — INFO — Server started at  Listening port 8080
2021-05-04 14:45:45,792 — INFO — Reply response for instagram.com
2021-05-04 14:46:12,678 — INFO — Reply response for youtube.com
2021-05-04 14:48:47,100 — INFO — Reply response for youtube.com
2021-05-04 14:50:10,992 — INFO — Server started at  Listening port 8080
2021-05-04 14:50:15,795 — INFO — Reply response for youtube.com
2021-05-04 14:50:22,372 — INFO — Reply response for vk.com
2021-05-04 15:19:52,394 — INFO — Reply response for vk.com
2021-05-04 15:19:53,525 — INFO — Reply response for vk.com
2021-05-04 15:21:12,472 — INFO — Reply response for vk.com
2021-05-04 16:07:18,261 — INFO — Server started at  Listening port 8080
2021-05-04 16:07:35,775 — INFO — Reply response for vk.com
2021-05-04 16:16:19,073 — INFO — Reply response for vk.com
2021-05-04 16:16:42,529 — INFO — Reply response for vk.com
2021-05-04 16:17:34,575 — INFO — Reply response for vk.com
2021-05-04 16:18:47,471 — INFO — Reply response for vk.com
2021-05-04 16:19:17,872 — INFO — Reply response for vk.com
2021-05-04 16:20:09,080 — INFO — Reply response for vk.com
2021-05-04 16:20:26,978 — INFO — Reply response for vk.com
2021-05-04 16:21:38,598 — INFO — Reply response for vk.com
2021-05-04 16:23:01,119 — INFO — Reply response for vk.com
2021-05-04 16:23:52,343 — INFO — Reply response for vk.com
2021-05-04 16:25:55,406 — INFO — Reply response for vk.com
2021-05-04 16:26:05,919 — INFO — Reply response for vk.com
2021-05-04 16:26:17,056 — INFO — Reply response for vk.com
2021-05-04 16:30:51,222 — INFO — Reply response for vk.com
2021-05-04 16:31:13,363 — INFO — Reply response for vk.com
2021-05-04 16:31:41,937 — INFO — Reply response for vk.com
